2024-03-29 14:24:46,428 — __main__ — INFO — hitting /simulation/ endpoint
2024-03-29 14:24:47,128 — __main__ — ERROR — 404 page not found 404 Not Found: The requested URL was not found on the server. If you entered the URL manually please check your spelling and try again.
2024-03-29 14:25:31,003 — __main__ — INFO — hitting /simulation/ endpoint
2024-03-29 14:25:57,609 — __main__ — INFO — hitting /simulation/ endpoint
2024-03-29 14:25:59,554 — __main__ — INFO — hitting /simulation/ endpoint
2024-03-29 14:26:01,818 — __main__ — INFO — hitting /simulation/ endpoint
2024-03-29 14:26:09,681 — __main__ — INFO — hitting /red/ endpoint
2024-03-29 14:26:50,393 — __main__ — INFO — hitting /red/ endpoint
2024-03-29 14:26:50,950 — __main__ — INFO — hitting /red/ endpoint
2024-03-29 14:28:03,593 — __main__ — INFO — hitting /red/ endpoint
2024-03-29 14:28:03,595 — __main__ — ERROR — division by zero'Traceback (most recent call last):\n  File "/Users/keweizhang/git/DevOpsNotes-master/WK10_Logging_Basics/code/src/flask_app.py", line 35, in red\n    1/0\n    ~^~\nZeroDivisionError: division by zero'
2024-03-29 14:28:07,558 — __main__ — INFO — hitting /red/ endpoint
2024-03-29 14:28:07,558 — __main__ — ERROR — division by zero'Traceback (most recent call last):\n  File "/Users/keweizhang/git/DevOpsNotes-master/WK10_Logging_Basics/code/src/flask_app.py", line 35, in red\n    1/0\n    ~^~\nZeroDivisionError: division by zero'
2024-03-29 14:31:11,957 — __main__ — INFO — hitting /simulation/ endpoint
2024-03-29 14:31:18,143 — __main__ — INFO — hitting /simulation/ endpoint
2024-03-29 14:31:20,621 — __main__ — INFO — hitting /simulation/ endpoint
2024-03-29 14:31:21,531 — __main__ — INFO — hitting /simulation/ endpoint
2024-03-29 14:31:23,602 — __main__ — INFO — hitting /simulation/ endpoint
2024-03-29 14:31:24,825 — __main__ — INFO — hitting /simulation/ endpoint
2024-03-29 14:31:25,655 — __main__ — INFO — hitting /simulation/ endpoint
2024-03-29 14:31:27,945 — __main__ — INFO — hitting /simulation/ endpoint
2024-03-29 14:31:28,703 — __main__ — INFO — hitting /simulation/ endpoint
2024-03-29 14:32:21,736 — __main__ — INFO — hitting /simulation/ endpoint
2024-03-29 14:32:25,054 — __main__ — INFO — hitting /simulation/ endpoint
2024-03-29 14:32:26,452 — __main__ — INFO — hitting /simulation/ endpoint
2024-03-29 14:32:27,205 — __main__ — INFO — hitting /simulation/ endpoint
2024-03-29 14:32:28,785 — __main__ — INFO — hitting /simulation/ endpoint
2024-03-29 14:32:31,822 — __main__ — INFO — hitting /simulation/ endpoint
2024-03-29 14:32:33,075 — __main__ — INFO — hitting /simulation/ endpoint
2024-03-29 14:32:35,557 — __main__ — INFO — hitting /simulation/ endpoint
2024-03-29 14:32:36,849 — __main__ — INFO — hitting /simulation/ endpoint
2024-03-29 14:32:38,199 — __main__ — INFO — hitting /simulation/ endpoint
2024-03-29 14:32:39,640 — __main__ — INFO — hitting /simulation/ endpoint
2024-03-29 14:32:41,039 — __main__ — INFO — hitting /simulation/ endpoint
2024-03-29 14:32:43,500 — __main__ — INFO — hitting /simulation/ endpoint
2024-03-29 14:32:46,004 — __main__ — INFO — hitting /simulation/ endpoint
2024-03-29 14:32:47,595 — __main__ — INFO — hitting /simulation/ endpoint
2024-03-29 14:32:48,899 — __main__ — INFO — hitting /simulation/ endpoint
2024-03-29 14:33:29,010 — __main__ — INFO — hitting /simulation/ endpoint
2024-03-29 14:38:17,874 — __main__ — INFO — hitting /red/ endpoint
2024-03-29 14:38:17,874 — __main__ — ERROR — division by zero'Traceback (most recent call last):\n  File "/Users/keweizhang/git/DevOpsNotes-master/WK10_Logging_Basics/code/src/flask_app.py", line 35, in red\n    1/0\n    ~^~\nZeroDivisionError: division by zero'
2024-03-29 14:39:27,643 — __main__ — INFO — hitting /red/ endpoint
2024-03-29 14:39:27,644 — __main__ — ERROR — division by zero'Traceback (most recent call last):\n  File "/Users/keweizhang/git/DevOpsNotes-master/WK10_Logging_Basics/code/src/flask_app.py", line 35, in red\n    1/0\n    ~^~\nZeroDivisionError: division by zero'
2024-03-29 14:39:27,647 — __main__ — ERROR — something went wrong 500 Internal Server Error: The server encountered an internal error and was unable to complete your request. Either the server is overloaded or there is an error in the application.
2024-03-29 14:39:33,104 — __main__ — INFO — hitting /red/ endpoint
2024-03-29 14:39:33,104 — __main__ — ERROR — division by zero'Traceback (most recent call last):\n  File "/Users/keweizhang/git/DevOpsNotes-master/WK10_Logging_Basics/code/src/flask_app.py", line 35, in red\n    1/0\n    ~^~\nZeroDivisionError: division by zero'
2024-03-29 14:39:33,106 — __main__ — ERROR — something went wrong 500 Internal Server Error: The server encountered an internal error and was unable to complete your request. Either the server is overloaded or there is an error in the application.
2024-03-29 14:39:34,448 — __main__ — INFO — hitting /red/ endpoint
2024-03-29 14:39:34,449 — __main__ — ERROR — division by zero'Traceback (most recent call last):\n  File "/Users/keweizhang/git/DevOpsNotes-master/WK10_Logging_Basics/code/src/flask_app.py", line 35, in red\n    1/0\n    ~^~\nZeroDivisionError: division by zero'
2024-03-29 14:39:34,452 — __main__ — ERROR — something went wrong 500 Internal Server Error: The server encountered an internal error and was unable to complete your request. Either the server is overloaded or there is an error in the application.
2024-03-29 14:39:42,329 — __main__ — INFO — hitting /red/ endpoint
2024-03-29 14:39:42,330 — __main__ — ERROR — division by zero'Traceback (most recent call last):\n  File "/Users/keweizhang/git/DevOpsNotes-master/WK10_Logging_Basics/code/src/flask_app.py", line 35, in red\n    1/0\n    ~^~\nZeroDivisionError: division by zero'
2024-03-29 14:39:42,333 — __main__ — ERROR — something went wrong 500 Internal Server Error: The server encountered an internal error and was unable to complete your request. Either the server is overloaded or there is an error in the application.
2024-03-29 14:39:43,303 — __main__ — INFO — hitting /red/ endpoint
2024-03-29 14:39:43,304 — __main__ — ERROR — division by zero'Traceback (most recent call last):\n  File "/Users/keweizhang/git/DevOpsNotes-master/WK10_Logging_Basics/code/src/flask_app.py", line 35, in red\n    1/0\n    ~^~\nZeroDivisionError: division by zero'
2024-03-29 14:39:43,305 — __main__ — ERROR — something went wrong 500 Internal Server Error: The server encountered an internal error and was unable to complete your request. Either the server is overloaded or there is an error in the application.
2024-03-29 14:39:44,026 — __main__ — INFO — hitting /red/ endpoint
2024-03-29 14:39:44,027 — __main__ — ERROR — division by zero'Traceback (most recent call last):\n  File "/Users/keweizhang/git/DevOpsNotes-master/WK10_Logging_Basics/code/src/flask_app.py", line 35, in red\n    1/0\n    ~^~\nZeroDivisionError: division by zero'
2024-03-29 14:39:44,028 — __main__ — ERROR — something went wrong 500 Internal Server Error: The server encountered an internal error and was unable to complete your request. Either the server is overloaded or there is an error in the application.
2024-03-29 14:39:44,843 — __main__ — INFO — hitting /red/ endpoint
2024-03-29 14:39:44,844 — __main__ — ERROR — division by zero'Traceback (most recent call last):\n  File "/Users/keweizhang/git/DevOpsNotes-master/WK10_Logging_Basics/code/src/flask_app.py", line 35, in red\n    1/0\n    ~^~\nZeroDivisionError: division by zero'
2024-03-29 14:39:44,845 — __main__ — ERROR — something went wrong 500 Internal Server Error: The server encountered an internal error and was unable to complete your request. Either the server is overloaded or there is an error in the application.
